0 info it worked if it ends with ok
1 verbose cli [ 'node',
1 verbose cli   '/usr/local/bin/npm',
1 verbose cli   'install',
1 verbose cli   '-g',
1 verbose cli   'hexo-theme-piper' ]
2 info using npm@1.4.3
3 info using node@v0.10.26
4 verbose cache add [ 'hexo-theme-piper', null ]
5 verbose cache add name=undefined spec="hexo-theme-piper" args=["hexo-theme-piper",null]
6 verbose parsed url { protocol: null,
6 verbose parsed url   slashes: null,
6 verbose parsed url   auth: null,
6 verbose parsed url   host: null,
6 verbose parsed url   port: null,
6 verbose parsed url   hostname: null,
6 verbose parsed url   hash: null,
6 verbose parsed url   search: null,
6 verbose parsed url   query: null,
6 verbose parsed url   pathname: 'hexo-theme-piper',
6 verbose parsed url   path: 'hexo-theme-piper',
6 verbose parsed url   href: 'hexo-theme-piper' }
7 silly lockFile db826260-hexo-theme-piper hexo-theme-piper
8 verbose lock hexo-theme-piper /Users/channing/.npm/db826260-hexo-theme-piper.lock
9 silly lockFile db826260-hexo-theme-piper hexo-theme-piper
10 silly lockFile db826260-hexo-theme-piper hexo-theme-piper
11 verbose addNamed [ 'hexo-theme-piper', '' ]
12 verbose addNamed [ null, '*' ]
13 silly lockFile af6ae302-hexo-theme-piper hexo-theme-piper@
14 verbose lock hexo-theme-piper@ /Users/channing/.npm/af6ae302-hexo-theme-piper.lock
15 silly addNameRange { name: 'hexo-theme-piper', range: '*', hasData: false }
16 verbose url raw hexo-theme-piper
17 verbose url resolving [ 'http://registry.cnpmjs.org/', './hexo-theme-piper' ]
18 verbose url resolved http://registry.cnpmjs.org/hexo-theme-piper
19 info trying registry request attempt 1 at 21:22:36
20 http GET http://registry.cnpmjs.org/hexo-theme-piper
21 http 404 http://registry.cnpmjs.org/hexo-theme-piper
22 silly registry.get cb [ 404,
22 silly registry.get   { server: 'nginx/1.4.1 (Ubuntu)',
22 silly registry.get     date: 'Tue, 23 Sep 2014 13:22:38 GMT',
22 silly registry.get     'content-type': 'application/json; charset=utf-8',
22 silly registry.get     'content-length': '51',
22 silly registry.get     connection: 'keep-alive',
22 silly registry.get     'x-powered-by': 'koa',
22 silly registry.get     'x-readtime': '6' } ]
23 silly lockFile af6ae302-hexo-theme-piper hexo-theme-piper@
24 silly lockFile af6ae302-hexo-theme-piper hexo-theme-piper@
25 error 404 'hexo-theme-piper' is not in the npm registry.
25 error 404 You should bug the author to publish it
25 error 404
25 error 404 Note that you can also install from a
25 error 404 tarball, folder, or http url, or git url.
26 error System Darwin 13.3.0
27 error command "node" "/usr/local/bin/npm" "install" "-g" "hexo-theme-piper"
28 error cwd /Users/channing/Code.localized/blog/source
29 error node -v v0.10.26
30 error npm -v 1.4.3
31 error code E404
32 verbose exit [ 1, true ]
